[2026-04-13T11:16:58Z] === ENRICH ITERATION 1 START | repo=tkaitchuck/ahash sha=10c4f487 ===
[2026-04-13T11:16:58Z] [iter=1] PHASE START: enrich repo=tkaitchuck/ahash sha=10c4f487 runlog=/home/runner/work/forx/forx/storage/aggregate/lsp/logs/10c4f487-enrich-iter-001.log output=/home/runner/work/forx/forx/storage/aggregate/lsp/10c4f487e85c62bb12618ab5a4bb84b16802cdad.nq.gz
[2026-04-13T11:17:11Z] [iter=1] Step 1: Loading AST into disk-backed store mem_mb=78 MB
[2026-04-13T11:17:12Z] [iter=1] AST store loaded triples=170429 load_secs=1 mem_mb=318 MB
[2026-04-13T11:17:12Z] [iter=1] Step 2: Finding LSP targets mem_mb=318 MB
[2026-04-13T11:17:12Z] [iter=1] LSP targets found call_sites=1374 imports=80 extends=0 implements=120 secs=0
[2026-04-13T11:17:12Z] [iter=1] Step 2.7: Building position index (one-shot, shared across resolvers) mem_mb=318 MB
[2026-04-13T11:17:13Z] [iter=1] Position index built positions=11398 nodes_with_types=13427 secs=1 mem_mb=318 MB
[2026-04-13T11:17:13Z] [iter=1] Step 3: Starting LSP resolution mem_mb=318 MB already_completed_types=[] already_completed_files=0
[2026-04-13T11:17:13Z] [iter=1] Resolving target type target_type=call_site count=1374
[2026-04-13T11:17:34Z] [iter=1] HEARTBEAT target_type=call_site elapsed_min=0.6 files_done=0 resolved=0 errors=0 current=tests/map_tests.rs
[2026-04-13T11:18:04Z] [iter=1] HEARTBEAT target_type=call_site elapsed_min=1.1 files_done=6 resolved=120 errors=242 current=src/hash_quality_test.rs
[2026-04-13T11:18:29Z] [iter=1] Target type resolved target_type=call_site resolved=248 errors=607 secs=76 mem_mb=318 MB
[2026-04-13T11:18:29Z] [iter=1] Resolving target type target_type=import_statement count=80
[2026-04-13T11:18:36Z] [iter=1] HEARTBEAT target_type=import_statement elapsed_min=1.6 files_done=1 resolved=6 errors=0 current=compare/tests/compare.rs
[2026-04-13T11:18:41Z] [iter=1] Target type resolved target_type=import_statement resolved=47 errors=0 secs=12 mem_mb=318 MB
[2026-04-13T11:18:41Z] [iter=1] Resolving target type target_type=implements_clause count=120
[2026-04-13T11:18:54Z] [iter=1] Target type resolved target_type=implements_clause resolved=115 errors=0 secs=13 mem_mb=318 MB
[2026-04-13T11:19:07Z] [iter=1] Step 5: Writing final enrichment file triples=9100
[2026-04-13T11:19:07Z] [iter=1] Enrichment file written path=/home/runner/work/forx/forx/storage/aggregate/lsp/10c4f487e85c62bb12618ab5a4bb84b16802cdad.nq.gz size_kb=160
[2026-04-13T11:19:07Z] [iter=1] PHASE END: enrich elapsed_s=129 elapsed_min=2.1 total_triples=9100
